[untappd.com/api/docs/v4.html]
[backblue.gif]
[fade.gif]
[index.html]
[3c66724003d974c2f72a-122c9eb518099aa035dafdfd38394a83.ssl.cf2.rackcdn.com/site/images/ut-touch-icon.png]
[3c66724003d974c2f72a-122c9eb518099aa035dafdfd38394a83.ssl.cf2.rackcdn.com/site/v2/css/fonts.css]
[3c66724003d974c2f72a-122c9eb518099aa035dafdfd38394a83.ssl.cf2.rackcdn.com/site/css/master4489.css]
[3c66724003d974c2f72a-122c9eb518099aa035dafdfd38394a83.ssl.cf2.rackcdn.com/site/v3/css/style4489.css]
[ajax.googleapis.com/ajax/libs/jquery/1.10.2/jquery.min.js]
[3c66724003d974c2f72a-122c9eb518099aa035dafdfd38394a83.ssl.cf2.rackcdn.com/site/v3/js/jquery-migrate-1.2.1.js]
[3c66724003d974c2f72a-122c9eb518099aa035dafdfd38394a83.ssl.cf2.rackcdn.com/site/v2/js/moment.js]
[3c66724003d974c2f72a-122c9eb518099aa035dafdfd38394a83.ssl.cf2.rackcdn.com/site/v2/js/gregtime.js]
[3c66724003d974c2f72a-122c9eb518099aa035dafdfd38394a83.ssl.cf2.rackcdn.com/site/js/jquery.notifyBar.js]
[3c66724003d974c2f72a-122c9eb518099aa035dafdfd38394a83.ssl.cf2.rackcdn.com/site/js/jquery.tipsy.js]
[3c66724003d974c2f72a-122c9eb518099aa035dafdfd38394a83.ssl.cf2.rackcdn.com/site/js/facybox.js]
[3c66724003d974c2f72a-122c9eb518099aa035dafdfd38394a83.ssl.cf2.rackcdn.com/site/js/site.js]
[3c66724003d974c2f72a-122c9eb518099aa035dafdfd38394a83.ssl.cf2.rackcdn.com/site/css/facybox4489.css]
[3c66724003d974c2f72a-122c9eb518099aa035dafdfd38394a83.ssl.cf2.rackcdn.com/site/css/jquery.notifyBar4489.css]
[3c66724003d974c2f72a-122c9eb518099aa035dafdfd38394a83.ssl.cf2.rackcdn.com/site/css/tipsy4489.css]
[3c66724003d974c2f72a-122c9eb518099aa035dafdfd38394a83.ssl.cf2.rackcdn.com/site/js/prettify69df.js]
[3c66724003d974c2f72a-122c9eb518099aa035dafdfd38394a83.ssl.cf2.rackcdn.com/site/css/prettify4489.css]
[3c66724003d974c2f72a-122c9eb518099aa035dafdfd38394a83.ssl.cf2.rackcdn.com/site/v3/js/navigationcdae.js]
[untappd.com/api/docs/v4.html]
[3c66724003d974c2f72a-122c9eb518099aa035dafdfd38394a83.ssl.cf2.rackcdn.com/site/v2/js/handlebarscdae.js]
[3c66724003d974c2f72a-122c9eb518099aa035dafdfd38394a83.ssl.cf2.rackcdn.com/site/v2/css/fonts.css]
[3c66724003d974c2f72a-122c9eb518099aa035dafdfd38394a83.ssl.cf2.rackcdn.com/site/css/reset.css]
[3c66724003d974c2f72a-122c9eb518099aa035dafdfd38394a83.ssl.cf2.rackcdn.com/site/css/sidebar.css]
[3c66724003d974c2f72a-122c9eb518099aa035dafdfd38394a83.ssl.cf2.rackcdn.com/site/css/content.css]
[3c66724003d974c2f72a-122c9eb518099aa035dafdfd38394a83.ssl.cf2.rackcdn.com/site/css/mod-tools.css]
[3c66724003d974c2f72a-122c9eb518099aa035dafdfd38394a83.ssl.cf2.rackcdn.com/site/images/login-top.png]
[3c66724003d974c2f72a-122c9eb518099aa035dafdfd38394a83.ssl.cf2.rackcdn.com/site/images/login-repeat.png]
[3c66724003d974c2f72a-122c9eb518099aa035dafdfd38394a83.ssl.cf2.rackcdn.com/site/images/login-bottom.png]
[3c66724003d974c2f72a-122c9eb518099aa035dafdfd38394a83.ssl.cf2.rackcdn.com/site/images/ut-logo.png]
[3c66724003d974c2f72a-122c9eb518099aa035dafdfd38394a83.ssl.cf2.rackcdn.com/site/images/btn-join.png]
[3c66724003d974c2f72a-122c9eb518099aa035dafdfd38394a83.ssl.cf2.rackcdn.com/site/images/btn-signin.png]
[3c66724003d974c2f72a-122c9eb518099aa035dafdfd38394a83.ssl.cf2.rackcdn.com/site/images/btn-beer-edit.png]
[3c66724003d974c2f72a-122c9eb518099aa035dafdfd38394a83.ssl.cf2.rackcdn.com/site/images/btn-beer-merge.png]
[3c66724003d974c2f72a-122c9eb518099aa035dafdfd38394a83.ssl.cf2.rackcdn.com/site/images/rp-bg.png]
[3c66724003d974c2f72a-122c9eb518099aa035dafdfd38394a83.ssl.cf2.rackcdn.com/site/images/ut-rp.jpg]
[3c66724003d974c2f72a-122c9eb518099aa035dafdfd38394a83.ssl.cf2.rackcdn.com/site/images/friendlist-remove-btn.png]
[untappd.s3.amazonaws.com/site/assets/images/follow-list-btn.png]
[untappd.s3.amazonaws.com/site/assets/images/follow-list-unbtn.png]
[3c66724003d974c2f72a-122c9eb518099aa035dafdfd38394a83.ssl.cf2.rackcdn.com/site/images/friendlist-add-btn.png]
[3c66724003d974c2f72a-122c9eb518099aa035dafdfd38394a83.ssl.cf2.rackcdn.com/site/images/friendlist-pending-btn.png]
[3c66724003d974c2f72a-122c9eb518099aa035dafdfd38394a83.ssl.cf2.rackcdn.com/site/images/ratings_small_v2.png]
[3c66724003d974c2f72a-122c9eb518099aa035dafdfd38394a83.ssl.cf2.rackcdn.com/site/css/master4489.css]
[3c66724003d974c2f72a-122c9eb518099aa035dafdfd38394a83.ssl.cf2.rackcdn.com/site/v3/images/ut_logo.png]
[3c66724003d974c2f72a-122c9eb518099aa035dafdfd38394a83.ssl.cf2.rackcdn.com/site/v3/images/header_search_icon.png]
[3c66724003d974c2f72a-122c9eb518099aa035dafdfd38394a83.ssl.cf2.rackcdn.com/site/v3/images/user_nav_right.png]
[3c66724003d974c2f72a-122c9eb518099aa035dafdfd38394a83.ssl.cf2.rackcdn.com/site/v3/images/mobile_menu_btn@2x.png]
[3c66724003d974c2f72a-122c9eb518099aa035dafdfd38394a83.ssl.cf2.rackcdn.com/site/v3/images/ut_logo@2x.png]
[3c66724003d974c2f72a-122c9eb518099aa035dafdfd38394a83.ssl.cf2.rackcdn.com/site/v3/images/header_search_icon@2x.png]
[3c66724003d974c2f72a-122c9eb518099aa035dafdfd38394a83.ssl.cf2.rackcdn.com/site/v3/images/profile_location_bw.png]
[3c66724003d974c2f72a-122c9eb518099aa035dafdfd38394a83.ssl.cf2.rackcdn.com/site/v3/images/sb_req_accept.png]
[3c66724003d974c2f72a-122c9eb518099aa035dafdfd38394a83.ssl.cf2.rackcdn.com/site/v3/images/sb_req_reject.png]
[3c66724003d974c2f72a-122c9eb518099aa035dafdfd38394a83.ssl.cf2.rackcdn.com/site/v3/images/profile_supporter_flag.png]
[3c66724003d974c2f72a-122c9eb518099aa035dafdfd38394a83.ssl.cf2.rackcdn.com/site/v3/images/profile_ico_username_bw.png]
[3c66724003d974c2f72a-122c9eb518099aa035dafdfd38394a83.ssl.cf2.rackcdn.com/site/v3/images/beer_loader.gif]
[3c66724003d974c2f72a-122c9eb518099aa035dafdfd38394a83.ssl.cf2.rackcdn.com/site/v3/images/ico_checkin_photo.png]
[3c66724003d974c2f72a-122c9eb518099aa035dafdfd38394a83.ssl.cf2.rackcdn.com/site/v3/images/ico_checkin_photo@2x.png]
[3c66724003d974c2f72a-122c9eb518099aa035dafdfd38394a83.ssl.cf2.rackcdn.com/site/v3/images/ico_checkin_tw.jpg]
[3c66724003d974c2f72a-122c9eb518099aa035dafdfd38394a83.ssl.cf2.rackcdn.com/site/v3/images/ico_checkin_tw@2x.jpg]
[3c66724003d974c2f72a-122c9eb518099aa035dafdfd38394a83.ssl.cf2.rackcdn.com/site/v3/images/ico_checkin_fb.jpg]
[3c66724003d974c2f72a-122c9eb518099aa035dafdfd38394a83.ssl.cf2.rackcdn.com/site/v3/images/ico_checkin_fb@2x.jpg]
[3c66724003d974c2f72a-122c9eb518099aa035dafdfd38394a83.ssl.cf2.rackcdn.com/site/v3/images/ico_checkin_4s.jpg]
[3c66724003d974c2f72a-122c9eb518099aa035dafdfd38394a83.ssl.cf2.rackcdn.com/site/v3/images/ico_location_grey.png]
[3c66724003d974c2f72a-122c9eb518099aa035dafdfd38394a83.ssl.cf2.rackcdn.com/site/v3/images/ico_location_grey@2x.png]
[3c66724003d974c2f72a-122c9eb518099aa035dafdfd38394a83.ssl.cf2.rackcdn.com/site/v3/images/location_close.png]
[3c66724003d974c2f72a-122c9eb518099aa035dafdfd38394a83.ssl.cf2.rackcdn.com/site/v3/images/location_close@2x.png]
[3c66724003d974c2f72a-122c9eb518099aa035dafdfd38394a83.ssl.cf2.rackcdn.com/site/v3/images/loader.gif]
[3c66724003d974c2f72a-122c9eb518099aa035dafdfd38394a83.ssl.cf2.rackcdn.com/site/v3/images/location_search_icon.png]
[3c66724003d974c2f72a-122c9eb518099aa035dafdfd38394a83.ssl.cf2.rackcdn.com/site/v3/images/location_search_icon@2x.png]
[3c66724003d974c2f72a-122c9eb518099aa035dafdfd38394a83.ssl.cf2.rackcdn.com/site/v3/images/badges_left_arrow.jpg]
[3c66724003d974c2f72a-122c9eb518099aa035dafdfd38394a83.ssl.cf2.rackcdn.com/site/v3/images/badges_right_arrow.jpg]
[3c66724003d974c2f72a-122c9eb518099aa035dafdfd38394a83.ssl.cf2.rackcdn.com/site/v3/images/beer_icon_check.png]
[3c66724003d974c2f72a-122c9eb518099aa035dafdfd38394a83.ssl.cf2.rackcdn.com/site/v3/images/beer_icon_check@2x.png]
[3c66724003d974c2f72a-122c9eb518099aa035dafdfd38394a83.ssl.cf2.rackcdn.com/site/v3/images/beer_icon_add.png]
[3c66724003d974c2f72a-122c9eb518099aa035dafdfd38394a83.ssl.cf2.rackcdn.com/site/v3/images/beer_icon_add@2x.png]
[3c66724003d974c2f72a-122c9eb518099aa035dafdfd38394a83.ssl.cf2.rackcdn.com/site/v3/images/beer_icon_remove.png]
[3c66724003d974c2f72a-122c9eb518099aa035dafdfd38394a83.ssl.cf2.rackcdn.com/site/v3/images/beer_icon_remove@2x.png]
[3c66724003d974c2f72a-122c9eb518099aa035dafdfd38394a83.ssl.cf2.rackcdn.com/site/v3/images/beer_icon_locate.png]
[3c66724003d974c2f72a-122c9eb518099aa035dafdfd38394a83.ssl.cf2.rackcdn.com/site/v3/images/beer_icon_locate@2x.png]
[3c66724003d974c2f72a-122c9eb518099aa035dafdfd38394a83.ssl.cf2.rackcdn.com/site/v3/images/beer_icon_tw.png]
[3c66724003d974c2f72a-122c9eb518099aa035dafdfd38394a83.ssl.cf2.rackcdn.com/site/v3/images/beer_icon_tw@2x.png]
[3c66724003d974c2f72a-122c9eb518099aa035dafdfd38394a83.ssl.cf2.rackcdn.com/site/v3/images/beer_icon_fb.png]
[3c66724003d974c2f72a-122c9eb518099aa035dafdfd38394a83.ssl.cf2.rackcdn.com/site/v3/images/beer_icon_fb@2x.png]
[3c66724003d974c2f72a-122c9eb518099aa035dafdfd38394a83.ssl.cf2.rackcdn.com/site/v3/images/beer_icon_ig.png]
[3c66724003d974c2f72a-122c9eb518099aa035dafdfd38394a83.ssl.cf2.rackcdn.com/site/v3/images/beer_icon_ig@2x.png]
[3c66724003d974c2f72a-122c9eb518099aa035dafdfd38394a83.ssl.cf2.rackcdn.com/site/v3/images/beer_icon_4sq.png]
[3c66724003d974c2f72a-122c9eb518099aa035dafdfd38394a83.ssl.cf2.rackcdn.com/site/v3/images/beer_icon_4sq@2x.png]
[3c66724003d974c2f72a-122c9eb518099aa035dafdfd38394a83.ssl.cf2.rackcdn.com/site/v3/images/beer_icon_url.png]
[3c66724003d974c2f72a-122c9eb518099aa035dafdfd38394a83.ssl.cf2.rackcdn.com/site/v3/images/beer_icon_url@2x.png]
[3c66724003d974c2f72a-122c9eb518099aa035dafdfd38394a83.ssl.cf2.rackcdn.com/site/v3/images/brewery_icon_claimed.png]
[3c66724003d974c2f72a-122c9eb518099aa035dafdfd38394a83.ssl.cf2.rackcdn.com/site/v3/images/brewery_icon_claimed@2x.png]
[3c66724003d974c2f72a-122c9eb518099aa035dafdfd38394a83.ssl.cf2.rackcdn.com/site/v3/images/ico_all_photos.png]
[3c66724003d974c2f72a-122c9eb518099aa035dafdfd38394a83.ssl.cf2.rackcdn.com/site/v3/images/ico_all_photos@2x.png]
[3c66724003d974c2f72a-122c9eb518099aa035dafdfd38394a83.ssl.cf2.rackcdn.com/site/v3/images/slider_grip.png]
[3c66724003d974c2f72a-122c9eb518099aa035dafdfd38394a83.ssl.cf2.rackcdn.com/site/images/claim-rule-down.png]
[3c66724003d974c2f72a-122c9eb518099aa035dafdfd38394a83.ssl.cf2.rackcdn.com/site/images/claim-rule-up.png]
[3c66724003d974c2f72a-122c9eb518099aa035dafdfd38394a83.ssl.cf2.rackcdn.com/site/images/claim-yes-continue.png]
[3c66724003d974c2f72a-122c9eb518099aa035dafdfd38394a83.ssl.cf2.rackcdn.com/site/images/claim-submit-request.png]
[3c66724003d974c2f72a-122c9eb518099aa035dafdfd38394a83.ssl.cf2.rackcdn.com/site/images/claim-close.png]
[untappd.s3.amazonaws.com/site/assets/images/loader_sm.gif]
[3c66724003d974c2f72a-122c9eb518099aa035dafdfd38394a83.ssl.cf2.rackcdn.com/site/images/brewery-intro/manage_tab.png]
[3c66724003d974c2f72a-122c9eb518099aa035dafdfd38394a83.ssl.cf2.rackcdn.com/site/images/brewery-intro/engage_tab.png]
[3c66724003d974c2f72a-122c9eb518099aa035dafdfd38394a83.ssl.cf2.rackcdn.com/site/images/brewery-intro/analyze_tab.png]
[3c66724003d974c2f72a-122c9eb518099aa035dafdfd38394a83.ssl.cf2.rackcdn.com/site/images/brewery-intro/top_arrow.png]
[3c66724003d974c2f72a-122c9eb518099aa035dafdfd38394a83.ssl.cf2.rackcdn.com/site/v3/images/login_ut_logo.png]
[3c66724003d974c2f72a-122c9eb518099aa035dafdfd38394a83.ssl.cf2.rackcdn.com/site/v3/images/login_user_ico.png]
[3c66724003d974c2f72a-122c9eb518099aa035dafdfd38394a83.ssl.cf2.rackcdn.com/site/v3/images/login_lock_ico.png]
[3c66724003d974c2f72a-122c9eb518099aa035dafdfd38394a83.ssl.cf2.rackcdn.com/site/v3/images/login_email_ico.png]
[3c66724003d974c2f72a-122c9eb518099aa035dafdfd38394a83.ssl.cf2.rackcdn.com/site/v3/images/login_bg_2.jpg]
[3c66724003d974c2f72a-122c9eb518099aa035dafdfd38394a83.ssl.cf2.rackcdn.com/site/v3/images/fb_wordmark.png]
[3c66724003d974c2f72a-122c9eb518099aa035dafdfd38394a83.ssl.cf2.rackcdn.com/site/v3/images/fb_wordmark@2x.png]
[3c66724003d974c2f72a-122c9eb518099aa035dafdfd38394a83.ssl.cf2.rackcdn.com/site/v3/images/profile_ico_change.png]
[3c66724003d974c2f72a-122c9eb518099aa035dafdfd38394a83.ssl.cf2.rackcdn.com/site/v3/images/profile_ico_adjust.png]
[3c66724003d974c2f72a-122c9eb518099aa035dafdfd38394a83.ssl.cf2.rackcdn.com/site/v3/images/profile_ico_remove.png]
[3c66724003d974c2f72a-122c9eb518099aa035dafdfd38394a83.ssl.cf2.rackcdn.com/site/v3/images/profile_ico_addfriend.png]
[3c66724003d974c2f72a-122c9eb518099aa035dafdfd38394a83.ssl.cf2.rackcdn.com/site/v3/images/profile_ico_removefriend.png]
[3c66724003d974c2f72a-122c9eb518099aa035dafdfd38394a83.ssl.cf2.rackcdn.com/site/v3/images/profile_ico_username.png]
[3c66724003d974c2f72a-122c9eb518099aa035dafdfd38394a83.ssl.cf2.rackcdn.com/site/v3/images/profile_location.png]
[3c66724003d974c2f72a-122c9eb518099aa035dafdfd38394a83.ssl.cf2.rackcdn.com/site/v3/images/profile_social_tw.png]
[3c66724003d974c2f72a-122c9eb518099aa035dafdfd38394a83.ssl.cf2.rackcdn.com/site/v3/images/profile_social_fb.png]
[3c66724003d974c2f72a-122c9eb518099aa035dafdfd38394a83.ssl.cf2.rackcdn.com/site/v3/images/profile_social_4sq.png]
[3c66724003d974c2f72a-122c9eb518099aa035dafdfd38394a83.ssl.cf2.rackcdn.com/site/v3/images/profile_lock.png]
[untappd.s3.amazonaws.com/site/assets/v3/images/loader.gif]
[3c66724003d974c2f72a-122c9eb518099aa035dafdfd38394a83.ssl.cf2.rackcdn.com/site/v3/images/search_large_ico.png]
[3c66724003d974c2f72a-122c9eb518099aa035dafdfd38394a83.ssl.cf2.rackcdn.com/site/v3/images/drank_flag.png]
[3c66724003d974c2f72a-122c9eb518099aa035dafdfd38394a83.ssl.cf2.rackcdn.com/site/v3/images/modal_close@2x.png]
[3c66724003d974c2f72a-122c9eb518099aa035dafdfd38394a83.ssl.cf2.rackcdn.com/site/v3/images/ico_gallery_zoom.png]
[3c66724003d974c2f72a-122c9eb518099aa035dafdfd38394a83.ssl.cf2.rackcdn.com/site/v3/images/feed_main_supporter.png]
[3c66724003d974c2f72a-122c9eb518099aa035dafdfd38394a83.ssl.cf2.rackcdn.com/site/v3/images/feed_toast_icon.png]
[3c66724003d974c2f72a-122c9eb518099aa035dafdfd38394a83.ssl.cf2.rackcdn.com/site/v3/images/feed_comment_icon.png]
[3c66724003d974c2f72a-122c9eb518099aa035dafdfd38394a83.ssl.cf2.rackcdn.com/site/v3/images/feed_toasttitle_icon.png]
[3c66724003d974c2f72a-122c9eb518099aa035dafdfd38394a83.ssl.cf2.rackcdn.com/site/v3/images/ico_comment_more.png]
[3c66724003d974c2f72a-122c9eb518099aa035dafdfd38394a83.ssl.cf2.rackcdn.com/site/v3/images/feed_comment_supporter.png]
[3c66724003d974c2f72a-122c9eb518099aa035dafdfd38394a83.ssl.cf2.rackcdn.com/site/v3/images/gallery_icon_close.png]
[3c66724003d974c2f72a-122c9eb518099aa035dafdfd38394a83.ssl.cf2.rackcdn.com/site/v3/images/gallery_icon_close@2x.png]
[3c66724003d974c2f72a-122c9eb518099aa035dafdfd38394a83.ssl.cf2.rackcdn.com/site/v3/images/gallery_icon_arrow_next.png]
[3c66724003d974c2f72a-122c9eb518099aa035dafdfd38394a83.ssl.cf2.rackcdn.com/site/v3/images/gallery_icon_arrow_next@2x.png]
[3c66724003d974c2f72a-122c9eb518099aa035dafdfd38394a83.ssl.cf2.rackcdn.com/site/v3/images/gallery_icon_arrow_prev.png]
[3c66724003d974c2f72a-122c9eb518099aa035dafdfd38394a83.ssl.cf2.rackcdn.com/site/v3/images/gallery_icon_arrow_prev@2x.png]
[3c66724003d974c2f72a-122c9eb518099aa035dafdfd38394a83.ssl.cf2.rackcdn.com/site/v3/images/beer_checkin_close.png]
[3c66724003d974c2f72a-122c9eb518099aa035dafdfd38394a83.ssl.cf2.rackcdn.com/site/v3/images/supporter_flag.png]
[3c66724003d974c2f72a-122c9eb518099aa035dafdfd38394a83.ssl.cf2.rackcdn.com/site/v3/images/ico_sharing.png]
[3c66724003d974c2f72a-122c9eb518099aa035dafdfd38394a83.ssl.cf2.rackcdn.com/site/v3/images/toast_fade.png]
[3c66724003d974c2f72a-122c9eb518099aa035dafdfd38394a83.ssl.cf2.rackcdn.com/site/v3/images/btn_toast.png]
[3c66724003d974c2f72a-122c9eb518099aa035dafdfd38394a83.ssl.cf2.rackcdn.com/site/v3/images/ratings_small_v3.png]
[3c66724003d974c2f72a-122c9eb518099aa035dafdfd38394a83.ssl.cf2.rackcdn.com/site/v3/images/ico_sharing@2x.png]
[3c66724003d974c2f72a-122c9eb518099aa035dafdfd38394a83.ssl.cf2.rackcdn.com/site/v3/images/supporter_flag@2x.png]
[3c66724003d974c2f72a-122c9eb518099aa035dafdfd38394a83.ssl.cf2.rackcdn.com/site/v3/images/ratings_small_v3@2x.png]
[3c66724003d974c2f72a-122c9eb518099aa035dafdfd38394a83.ssl.cf2.rackcdn.com/site/v3/images/btn_toast@2x.png]
[3c66724003d974c2f72a-122c9eb518099aa035dafdfd38394a83.ssl.cf2.rackcdn.com/site/v3/css/style4489.css]
[3c66724003d974c2f72a-122c9eb518099aa035dafdfd38394a83.ssl.cf2.rackcdn.com/site/images/facybox/fancy_right.png]
[3c66724003d974c2f72a-122c9eb518099aa035dafdfd38394a83.ssl.cf2.rackcdn.com/site/images/facybox/fancy_left.png]
[3c66724003d974c2f72a-122c9eb518099aa035dafdfd38394a83.ssl.cf2.rackcdn.com/site/v3/images/lightbox_close_btn@2x.png]
[3c66724003d974c2f72a-122c9eb518099aa035dafdfd38394a83.ssl.cf2.rackcdn.com/site/images/facybox/loading.gif]
[3c66724003d974c2f72a-122c9eb518099aa035dafdfd38394a83.ssl.cf2.rackcdn.com/site/images/facybox/fancy_shadow_n.png]
[3c66724003d974c2f72a-122c9eb518099aa035dafdfd38394a83.ssl.cf2.rackcdn.com/site/images/facybox/fancy_shadow_s.png]
[3c66724003d974c2f72a-122c9eb518099aa035dafdfd38394a83.ssl.cf2.rackcdn.com/site/images/facybox/fancy_shadow_w.png]
[3c66724003d974c2f72a-122c9eb518099aa035dafdfd38394a83.ssl.cf2.rackcdn.com/site/images/facybox/fancy_shadow_e.png]
[3c66724003d974c2f72a-122c9eb518099aa035dafdfd38394a83.ssl.cf2.rackcdn.com/site/images/facybox/fancy_shadow_nw.png]
[3c66724003d974c2f72a-122c9eb518099aa035dafdfd38394a83.ssl.cf2.rackcdn.com/site/images/facybox/fancy_shadow_ne.png]
[3c66724003d974c2f72a-122c9eb518099aa035dafdfd38394a83.ssl.cf2.rackcdn.com/site/images/facybox/fancy_shadow_sw.png]
[3c66724003d974c2f72a-122c9eb518099aa035dafdfd38394a83.ssl.cf2.rackcdn.com/site/images/facybox/fancy_shadow_se.png]
[3c66724003d974c2f72a-122c9eb518099aa035dafdfd38394a83.ssl.cf2.rackcdn.com/site/css/facybox4489.css]
[3c66724003d974c2f72a-122c9eb518099aa035dafdfd38394a83.ssl.cf2.rackcdn.com/site/css/jquery.notifyBar4489.css]
[3c66724003d974c2f72a-122c9eb518099aa035dafdfd38394a83.ssl.cf2.rackcdn.com/site/images/tipsy.gif]
[3c66724003d974c2f72a-122c9eb518099aa035dafdfd38394a83.ssl.cf2.rackcdn.com/site/css/tipsy4489.css]
[3c66724003d974c2f72a-122c9eb518099aa035dafdfd38394a83.ssl.cf2.rackcdn.com/site/css/prettify4489.css]
[3c66724003d974c2f72a-122c9eb518099aa035dafdfd38394a83.ssl.cf2.rackcdn.com/site/css/reset.css]
[3c66724003d974c2f72a-122c9eb518099aa035dafdfd38394a83.ssl.cf2.rackcdn.com/site/images/sidebar-bar.png]
[3c66724003d974c2f72a-122c9eb518099aa035dafdfd38394a83.ssl.cf2.rackcdn.com/site/images/edit-beer-btn.png]
[3c66724003d974c2f72a-122c9eb518099aa035dafdfd38394a83.ssl.cf2.rackcdn.com/site/images/delete-beer-btn.png]
[3c66724003d974c2f72a-122c9eb518099aa035dafdfd38394a83.ssl.cf2.rackcdn.com/site/images/edit-brewery-btn.png]
[3c66724003d974c2f72a-122c9eb518099aa035dafdfd38394a83.ssl.cf2.rackcdn.com/site/images/flag-brewery-btn.png]
[3c66724003d974c2f72a-122c9eb518099aa035dafdfd38394a83.ssl.cf2.rackcdn.com/site/images/private_lock.png]
[3c66724003d974c2f72a-122c9eb518099aa035dafdfd38394a83.ssl.cf2.rackcdn.com/site/images/add-friend-btn.png]
[3c66724003d974c2f72a-122c9eb518099aa035dafdfd38394a83.ssl.cf2.rackcdn.com/site/images/pending-friend-btn.png]
[3c66724003d974c2f72a-122c9eb518099aa035dafdfd38394a83.ssl.cf2.rackcdn.com/site/images/accept-friend-btn.png]
[3c66724003d974c2f72a-122c9eb518099aa035dafdfd38394a83.ssl.cf2.rackcdn.com/site/images/remove-friend-btn.png]
[3c66724003d974c2f72a-122c9eb518099aa035dafdfd38394a83.ssl.cf2.rackcdn.com/site/images/sidebar-search-bg.png]
[3c66724003d974c2f72a-122c9eb518099aa035dafdfd38394a83.ssl.cf2.rackcdn.com/site/images/sidebar-search-btn.png]
[3c66724003d974c2f72a-122c9eb518099aa035dafdfd38394a83.ssl.cf2.rackcdn.com/site/images/wishlist-add-btn.png]
[3c66724003d974c2f72a-122c9eb518099aa035dafdfd38394a83.ssl.cf2.rackcdn.com/site/images/wishlist-remove-btn.png]
[3c66724003d974c2f72a-122c9eb518099aa035dafdfd38394a83.ssl.cf2.rackcdn.com/site/images/add-follow-btn.png]
[3c66724003d974c2f72a-122c9eb518099aa035dafdfd38394a83.ssl.cf2.rackcdn.com/site/images/remove-follow-btn.png]
[3c66724003d974c2f72a-122c9eb518099aa035dafdfd38394a83.ssl.cf2.rackcdn.com/site/css/sidebar.css]
[3c66724003d974c2f72a-122c9eb518099aa035dafdfd38394a83.ssl.cf2.rackcdn.com/site/images/feed-header.png]
[3c66724003d974c2f72a-122c9eb518099aa035dafdfd38394a83.ssl.cf2.rackcdn.com/site/images/internal-bar.png]
[3c66724003d974c2f72a-122c9eb518099aa035dafdfd38394a83.ssl.cf2.rackcdn.com/site/images/drank-star-40x40.png]
[3c66724003d974c2f72a-122c9eb518099aa035dafdfd38394a83.ssl.cf2.rackcdn.com/site/images/ut_home_header_v3.jpg]
[3c66724003d974c2f72a-122c9eb518099aa035dafdfd38394a83.ssl.cf2.rackcdn.com/site/images/home-ios.png]
[3c66724003d974c2f72a-122c9eb518099aa035dafdfd38394a83.ssl.cf2.rackcdn.com/site/images/home-android.png]
[3c66724003d974c2f72a-122c9eb518099aa035dafdfd38394a83.ssl.cf2.rackcdn.com/site/images/home-webos.png]
[3c66724003d974c2f72a-122c9eb518099aa035dafdfd38394a83.ssl.cf2.rackcdn.com/site/images/home-bb.png]
[3c66724003d974c2f72a-122c9eb518099aa035dafdfd38394a83.ssl.cf2.rackcdn.com/site/images/home-stream-bg.png]
[3c66724003d974c2f72a-122c9eb518099aa035dafdfd38394a83.ssl.cf2.rackcdn.com/site/images/ut-logo-lrg.png]
[3c66724003d974c2f72a-122c9eb518099aa035dafdfd38394a83.ssl.cf2.rackcdn.com/site/images/login-rule.png]
[3c66724003d974c2f72a-122c9eb518099aa035dafdfd38394a83.ssl.cf2.rackcdn.com/site/images/login-btn.png]
[3c66724003d974c2f72a-122c9eb518099aa035dafdfd38394a83.ssl.cf2.rackcdn.com/site/images/resetpass-btn.png]
[3c66724003d974c2f72a-122c9eb518099aa035dafdfd38394a83.ssl.cf2.rackcdn.com/site/images/create-account-btn.png]
[3c66724003d974c2f72a-122c9eb518099aa035dafdfd38394a83.ssl.cf2.rackcdn.com/site/images/next-step-btn.png]
[3c66724003d974c2f72a-122c9eb518099aa035dafdfd38394a83.ssl.cf2.rackcdn.com/site/images/update-profile-btn.png]
[3c66724003d974c2f72a-122c9eb518099aa035dafdfd38394a83.ssl.cf2.rackcdn.com/site/images/change-pass-btn.png]
[3c66724003d974c2f72a-122c9eb518099aa035dafdfd38394a83.ssl.cf2.rackcdn.com/site/images/update-settings-btn.png]
[untappd.s3.amazonaws.com/site/assets/images/spinner.gif]
[3c66724003d974c2f72a-122c9eb518099aa035dafdfd38394a83.ssl.cf2.rackcdn.com/site/images/update-subscription-btn.png]
[3c66724003d974c2f72a-122c9eb518099aa035dafdfd38394a83.ssl.cf2.rackcdn.com/site/v2/images/activity_supporter_flag.png]
[3c66724003d974c2f72a-122c9eb518099aa035dafdfd38394a83.ssl.cf2.rackcdn.com/site/images/show-more-activity-btn.png]
[3c66724003d974c2f72a-122c9eb518099aa035dafdfd38394a83.ssl.cf2.rackcdn.com/site/images/toast-btn.png]
[3c66724003d974c2f72a-122c9eb518099aa035dafdfd38394a83.ssl.cf2.rackcdn.com/site/images/comment-btn.png]
[3c66724003d974c2f72a-122c9eb518099aa035dafdfd38394a83.ssl.cf2.rackcdn.com/site/images/comment-delete.png]
[3c66724003d974c2f72a-122c9eb518099aa035dafdfd38394a83.ssl.cf2.rackcdn.com/site/images/toast-list-header.jpg]
[3c66724003d974c2f72a-122c9eb518099aa035dafdfd38394a83.ssl.cf2.rackcdn.com/site/images/comment-list-header.jpg]
[3c66724003d974c2f72a-122c9eb518099aa035dafdfd38394a83.ssl.cf2.rackcdn.com/site/images/friend-search-btn.png]
[3c66724003d974c2f72a-122c9eb518099aa035dafdfd38394a83.ssl.cf2.rackcdn.com/site/images/friend-search-tw.png]
[3c66724003d974c2f72a-122c9eb518099aa035dafdfd38394a83.ssl.cf2.rackcdn.com/site/images/friend-search-fb.png]
[3c66724003d974c2f72a-122c9eb518099aa035dafdfd38394a83.ssl.cf2.rackcdn.com/site/images/show-more-friends-btn.png]
[3c66724003d974c2f72a-122c9eb518099aa035dafdfd38394a83.ssl.cf2.rackcdn.com/site/images/button_yes.png]
[3c66724003d974c2f72a-122c9eb518099aa035dafdfd38394a83.ssl.cf2.rackcdn.com/site/images/button_no.png]
[3c66724003d974c2f72a-122c9eb518099aa035dafdfd38394a83.ssl.cf2.rackcdn.com/site/images/btn-wishlist.png]
[3c66724003d974c2f72a-122c9eb518099aa035dafdfd38394a83.ssl.cf2.rackcdn.com/site/images/btn-wishlist-off.png]
[3c66724003d974c2f72a-122c9eb518099aa035dafdfd38394a83.ssl.cf2.rackcdn.com/site/images/btn-checkin.png]
[3c66724003d974c2f72a-122c9eb518099aa035dafdfd38394a83.ssl.cf2.rackcdn.com/site/images/checkin-box-arrow.jpg]
[3c66724003d974c2f72a-122c9eb518099aa035dafdfd38394a83.ssl.cf2.rackcdn.com/site/images/btn-confirm.png]
[3c66724003d974c2f72a-122c9eb518099aa035dafdfd38394a83.ssl.cf2.rackcdn.com/site/images/cap_full.png]
[3c66724003d974c2f72a-122c9eb518099aa035dafdfd38394a83.ssl.cf2.rackcdn.com/site/images/cap_empty.png]
[3c66724003d974c2f72a-122c9eb518099aa035dafdfd38394a83.ssl.cf2.rackcdn.com/site/images/check-social-tw.png]
[3c66724003d974c2f72a-122c9eb518099aa035dafdfd38394a83.ssl.cf2.rackcdn.com/site/images/check-social-fb.png]
[3c66724003d974c2f72a-122c9eb518099aa035dafdfd38394a83.ssl.cf2.rackcdn.com/site/images/check-social-4sq.png]
[3c66724003d974c2f72a-122c9eb518099aa035dafdfd38394a83.ssl.cf2.rackcdn.com/site/images/rating-cap.png]
[3c66724003d974c2f72a-122c9eb518099aa035dafdfd38394a83.ssl.cf2.rackcdn.com/site/images/rating-cap-display.png]
[3c66724003d974c2f72a-122c9eb518099aa035dafdfd38394a83.ssl.cf2.rackcdn.com/site/images/yesagree-btn.png]
[3c66724003d974c2f72a-122c9eb518099aa035dafdfd38394a83.ssl.cf2.rackcdn.com/site/images/nothanks-btn.png]
[3c66724003d974c2f72a-122c9eb518099aa035dafdfd38394a83.ssl.cf2.rackcdn.com/site/images/submitreq-btn.png]
[3c66724003d974c2f72a-122c9eb518099aa035dafdfd38394a83.ssl.cf2.rackcdn.com/site/images/show-more-photos.png]
[3c66724003d974c2f72a-122c9eb518099aa035dafdfd38394a83.ssl.cf2.rackcdn.com/site/images/create-beer-btn.png]
[3c66724003d974c2f72a-122c9eb518099aa035dafdfd38394a83.ssl.cf2.rackcdn.com/site/images/biz-search.png]
[3c66724003d974c2f72a-122c9eb518099aa035dafdfd38394a83.ssl.cf2.rackcdn.com/site/images/internal-bar-up.png]
[3c66724003d974c2f72a-122c9eb518099aa035dafdfd38394a83.ssl.cf2.rackcdn.com/site/images/brewery-beer-search.png]
[3c66724003d974c2f72a-122c9eb518099aa035dafdfd38394a83.ssl.cf2.rackcdn.com/site/images/show-more-btn.png]
[3c66724003d974c2f72a-122c9eb518099aa035dafdfd38394a83.ssl.cf2.rackcdn.com/site/images/follow-list-btn.png]
[3c66724003d974c2f72a-122c9eb518099aa035dafdfd38394a83.ssl.cf2.rackcdn.com/site/images/follow-list-unbtn.png]
[3c66724003d974c2f72a-122c9eb518099aa035dafdfd38394a83.ssl.cf2.rackcdn.com/site/images/export-data-btn.png]
[3c66724003d974c2f72a-122c9eb518099aa035dafdfd38394a83.ssl.cf2.rackcdn.com/site/css/content.css]
[3c66724003d974c2f72a-122c9eb518099aa035dafdfd38394a83.ssl.cf2.rackcdn.com/site/images/mod-arrows-right.jpg]
[3c66724003d974c2f72a-122c9eb518099aa035dafdfd38394a83.ssl.cf2.rackcdn.com/site/images/mod-arrows-left.jpg]
[3c66724003d974c2f72a-122c9eb518099aa035dafdfd38394a83.ssl.cf2.rackcdn.com/site/images/mod-list-bg.png]
[3c66724003d974c2f72a-122c9eb518099aa035dafdfd38394a83.ssl.cf2.rackcdn.com/site/images/mod-create-merge.jpg]
[3c66724003d974c2f72a-122c9eb518099aa035dafdfd38394a83.ssl.cf2.rackcdn.com/site/images/mod-submit-merge.jpg]
[3c66724003d974c2f72a-122c9eb518099aa035dafdfd38394a83.ssl.cf2.rackcdn.com/site/images/mod-flag-delete.jpg]
[3c66724003d974c2f72a-122c9eb518099aa035dafdfd38394a83.ssl.cf2.rackcdn.com/site/images/mod-brewery-search.png]
[3c66724003d974c2f72a-122c9eb518099aa035dafdfd38394a83.ssl.cf2.rackcdn.com/site/images/mod-submit-edit.jpg]
[3c66724003d974c2f72a-122c9eb518099aa035dafdfd38394a83.ssl.cf2.rackcdn.com/site/css/mod-tools.css]
[3c66724003d974c2f72a-122c9eb518099aa035dafdfd38394a83.ssl.cf2.rackcdn.com/site/v3/images/user_nav_right@2x.html]
[3c66724003d974c2f72a-122c9eb518099aa035dafdfd38394a83.ssl.cf2.rackcdn.com/site/v3/images/brewery-intro/claim-rule-down.html]
[3c66724003d974c2f72a-122c9eb518099aa035dafdfd38394a83.ssl.cf2.rackcdn.com/site/images/ratings_small_v2.png]
